[0m18:56:46.539781 [debug] [MainThread]: Sending event: {'category': 'dbt', 'action': 'invocation', 'label': 'start', 'context': [<snowplow_tracker.self_describing_json.SelfDescribingJson object at 0x797f1f06e630>, <snowplow_tracker.self_describing_json.SelfDescribingJson object at 0x797f1f7496d0>, <snowplow_tracker.self_describing_json.SelfDescribingJson object at 0x797f1e93eab0>]}


============================== 18:56:46.542985 | 1fb4f68b-c84a-464d-8ec4-076baeb35bc3 ==============================
[0m18:56:46.542985 [info ] [MainThread]: Running with dbt=1.8.6
[0m18:56:46.543454 [debug] [MainThread]: running dbt with arguments {'printer_width': '80', 'indirect_selection': 'eager', 'write_json': 'True', 'log_cache_events': 'False', 'partial_parse': 'True', 'cache_selected_only': 'False', 'profiles_dir': '/home/emma/.dbt', 'fail_fast': 'False', 'warn_error': 'None', 'log_path': 'logs', 'debug': 'False', 'version_check': 'True', 'use_colors': 'True', 'use_experimental_parser': 'False', 'no_print': 'None', 'quiet': 'False', 'empty': 'None', 'warn_error_options': 'WarnErrorOptions(include=[], exclude=[])', 'invocation_command': 'dbt debug', 'introspect': 'True', 'log_format': 'default', 'target_path': 'None', 'static_parser': 'True', 'send_anonymous_usage_stats': 'True'}
[0m18:56:46.597952 [info ] [MainThread]: dbt version: 1.8.6
[0m18:56:46.598335 [info ] [MainThread]: python version: 3.12.3
[0m18:56:46.598627 [info ] [MainThread]: python path: /home/emma/.cache/pypoetry/virtualenvs/pipeline-fqIE3SVu-py3.12/bin/python
[0m18:56:46.598926 [info ] [MainThread]: os info: Linux-6.8.0-44-generic-x86_64-with-glibc2.39
[0m18:56:46.603924 [info ] [MainThread]: Error importing adapter: No module named 'dbt.adapters.redshift'
[0m18:56:46.605364 [info ] [MainThread]: target not specified in profile 'elementary', using 'default'
[0m18:56:46.607401 [info ] [MainThread]: Error importing adapter: No module named 'dbt.adapters.redshift'
[0m18:56:46.649806 [info ] [MainThread]: Using profiles dir at /home/emma/.dbt
[0m18:56:46.650243 [info ] [MainThread]: Using profiles.yml file at /home/emma/.dbt/profiles.yml
[0m18:56:46.650624 [info ] [MainThread]: Using dbt_project.yml file at /home/emma/Documents/feldm_task/case-analytics-engineer/dbt_project.yml
[0m18:56:46.650979 [info ] [MainThread]: Configuration:
[0m18:56:46.651281 [info ] [MainThread]:   profiles.yml file [[31mERROR invalid[0m]
[0m18:56:46.651592 [info ] [MainThread]:   dbt_project.yml file [[31mERROR not found[0m]
[0m18:56:46.651963 [info ] [MainThread]: Required dependencies:
[0m18:56:46.652331 [debug] [MainThread]: Executing "git --help"
[0m18:56:46.654987 [debug] [MainThread]: STDOUT: "b"usage: git [-v | --version] [-h | --help] [-C <path>] [-c <name>=<value>]\n           [--exec-path[=<path>]] [--html-path] [--man-path] [--info-path]\n           [-p | --paginate | -P | --no-pager] [--no-replace-objects] [--bare]\n           [--git-dir=<path>] [--work-tree=<path>] [--namespace=<name>]\n           [--config-env=<name>=<envvar>] <command> [<args>]\n\nThese are common Git commands used in various situations:\n\nstart a working area (see also: git help tutorial)\n   clone     Clone a repository into a new directory\n   init      Create an empty Git repository or reinitialize an existing one\n\nwork on the current change (see also: git help everyday)\n   add       Add file contents to the index\n   mv        Move or rename a file, a directory, or a symlink\n   restore   Restore working tree files\n   rm        Remove files from the working tree and from the index\n\nexamine the history and state (see also: git help revisions)\n   bisect    Use binary search to find the commit that introduced a bug\n   diff      Show changes between commits, commit and working tree, etc\n   grep      Print lines matching a pattern\n   log       Show commit logs\n   show      Show various types of objects\n   status    Show the working tree status\n\ngrow, mark and tweak your common history\n   branch    List, create, or delete branches\n   commit    Record changes to the repository\n   merge     Join two or more development histories together\n   rebase    Reapply commits on top of another base tip\n   reset     Reset current HEAD to the specified state\n   switch    Switch branches\n   tag       Create, list, delete or verify a tag object signed with GPG\n\ncollaborate (see also: git help workflows)\n   fetch     Download objects and refs from another repository\n   pull      Fetch from and integrate with another repository or a local branch\n   push      Update remote refs along with associated objects\n\n'git help -a' and 'git help -g' list available subcommands and some\nconcept guides. See 'git help <command>' or 'git help <concept>'\nto read about a specific subcommand or concept.\nSee 'git help git' for an overview of the system.\n""
[0m18:56:46.655592 [debug] [MainThread]: STDERR: "b''"
[0m18:56:46.656151 [info ] [MainThread]:  - git [[32mOK found[0m]

[0m18:56:46.656476 [info ] [MainThread]: Connection test skipped since no profile was found
[0m18:56:46.656817 [info ] [MainThread]: [31m2 checks failed:[0m
[0m18:56:46.657132 [info ] [MainThread]: Could not load dbt_project.yml
Profile loading failed for the following reason:
Runtime Error
  Credentials in profile "default", target "default" invalid: Runtime Error
    Could not find adapter type redshift!

Runtime Error
  Credentials in profile "elementary", target "default" invalid: Runtime Error
    Could not find adapter type redshift!


[0m18:56:46.657456 [info ] [MainThread]: Project loading failed for the following reason:
 project path </home/emma/Documents/feldm_task/case-analytics-engineer/dbt_project.yml> not found

[0m18:56:46.658208 [debug] [MainThread]: Resource report: {"command_name": "debug", "command_wall_clock_time": 0.15736328, "process_user_time": 1.059659, "process_kernel_time": 0.15395, "process_mem_max_rss": "93796", "process_out_blocks": "16", "command_success": false, "process_in_blocks": "0"}
[0m18:56:46.658801 [debug] [MainThread]: Command `dbt debug` failed at 18:56:46.658686 after 0.16 seconds
[0m18:56:46.659245 [debug] [MainThread]: Sending event: {'category': 'dbt', 'action': 'invocation', 'label': 'end', 'context': [<snowplow_tracker.self_describing_json.SelfDescribingJson object at 0x797f1f0fe600>, <snowplow_tracker.self_describing_json.SelfDescribingJson object at 0x797f1f1cec30>, <snowplow_tracker.self_describing_json.SelfDescribingJson object at 0x797f1e5bee10>]}
[0m18:56:46.659646 [debug] [MainThread]: Flushing usage events
[0m18:57:10.279538 [debug] [MainThread]: Sending event: {'category': 'dbt', 'action': 'invocation', 'label': 'start', 'context': [<snowplow_tracker.self_describing_json.SelfDescribingJson object at 0x79b449c362d0>, <snowplow_tracker.self_describing_json.SelfDescribingJson object at 0x79b449842930>, <snowplow_tracker.self_describing_json.SelfDescribingJson object at 0x79b449f9f2f0>]}


============================== 18:57:10.281910 | b28eff9c-489d-4009-addc-cce2d425b4d9 ==============================
[0m18:57:10.281910 [info ] [MainThread]: Running with dbt=1.8.6
[0m18:57:10.282373 [debug] [MainThread]: running dbt with arguments {'printer_width': '80', 'indirect_selection': 'eager', 'log_cache_events': 'False', 'write_json': 'True', 'partial_parse': 'True', 'cache_selected_only': 'False', 'warn_error': 'None', 'debug': 'False', 'version_check': 'True', 'log_path': 'logs', 'fail_fast': 'False', 'profiles_dir': '/home/emma/.dbt', 'use_colors': 'True', 'use_experimental_parser': 'False', 'no_print': 'None', 'quiet': 'False', 'empty': 'None', 'log_format': 'default', 'static_parser': 'True', 'invocation_command': 'dbt init', 'warn_error_options': 'WarnErrorOptions(include=[], exclude=[])', 'target_path': 'None', 'introspect': 'True', 'send_anonymous_usage_stats': 'True'}
[0m18:57:22.787989 [debug] [MainThread]: Starter project path: /home/emma/.cache/pypoetry/virtualenvs/pipeline-fqIE3SVu-py3.12/lib/python3.12/site-packages/dbt/include/starter_project
[0m18:57:22.790578 [info ] [MainThread]: 
Your new dbt project "feldm" was created!

For more information on how to configure the profiles.yml file,
please consult the dbt documentation here:

  https://docs.getdbt.com/docs/configure-your-profile

One more thing:

Need help? Don't hesitate to reach out to us via GitHub issues or on Slack:

  https://community.getdbt.com/

Happy modeling!

[0m18:57:22.791072 [info ] [MainThread]: Setting up your profile.
[0m18:57:33.473897 [debug] [MainThread]: Resource report: {"command_name": "init", "command_success": true, "command_wall_clock_time": 23.230463, "process_user_time": 1.044777, "process_kernel_time": 0.139103, "process_mem_max_rss": "88928", "process_out_blocks": "80", "process_in_blocks": "0"}
[0m18:57:33.474479 [debug] [MainThread]: Command `dbt init` succeeded at 18:57:33.474391 after 23.23 seconds
[0m18:57:33.474855 [debug] [MainThread]: Sending event: {'category': 'dbt', 'action': 'invocation', 'label': 'end', 'context': [<snowplow_tracker.self_describing_json.SelfDescribingJson object at 0x79b4494fe060>, <snowplow_tracker.self_describing_json.SelfDescribingJson object at 0x79b449c36420>, <snowplow_tracker.self_describing_json.SelfDescribingJson object at 0x79b4492e3290>]}
[0m18:57:33.475294 [debug] [MainThread]: Flushing usage events
